Determining if the pthread_create exist failed with the following output:
Change Dir: /home/david/Programming/wakaamaNode/b/CMakeFiles/CMakeTmp

Run Build Command:"/usr/bin/gmake" "cmTC_55462/fast"
/usr/bin/gmake -f CMakeFiles/cmTC_55462.dir/build.make CMakeFiles/cmTC_55462.dir/build
gmake[1]: Entering directory '/home/david/Programming/wakaamaNode/b/CMakeFiles/CMakeTmp'
Building C object CMakeFiles/cmTC_55462.dir/CheckSymbolExists.c.o
/usr/bin/cc    -o CMakeFiles/cmTC_55462.dir/CheckSymbolExists.c.o   -c /home/david/Programming/wakaamaNode/b/CMakeFiles/CMakeTmp/CheckSymbolExists.c
Linking C executable cmTC_55462
/usr/bin/cmake -E cmake_link_script CMakeFiles/cmTC_55462.dir/link.txt --verbose=1
/usr/bin/cc      -rdynamic CMakeFiles/cmTC_55462.dir/CheckSymbolExists.c.o  -o cmTC_55462 
CMakeFiles/cmTC_55462.dir/CheckSymbolExists.c.o: In function `main':
CheckSymbolExists.c:(.text+0x16): undefined reference to `pthread_create'
collect2: error: ld returned 1 exit status
gmake[1]: *** [CMakeFiles/cmTC_55462.dir/build.make:87: cmTC_55462] Error 1
gmake[1]: Leaving directory '/home/david/Programming/wakaamaNode/b/CMakeFiles/CMakeTmp'
gmake: *** [Makefile:126: cmTC_55462/fast] Error 2

File /home/david/Programming/wakaamaNode/b/CMakeFiles/CMakeTmp/CheckSymbolExists.c:
/* */
#include <pthread.h>

int main(int argc, char** argv)
{
  (void)argv;
#ifndef pthread_create
  return ((int*)(&pthread_create))[argc];
#else
  (void)argc;
  return 0;
#endif
}

Determining if the function pthread_create exists in the pthreads failed with the following output:
Change Dir: /home/david/Programming/wakaamaNode/b/CMakeFiles/CMakeTmp

Run Build Command:"/usr/bin/gmake" "cmTC_6623b/fast"
/usr/bin/gmake -f CMakeFiles/cmTC_6623b.dir/build.make CMakeFiles/cmTC_6623b.dir/build
gmake[1]: Entering directory '/home/david/Programming/wakaamaNode/b/CMakeFiles/CMakeTmp'
Building C object CMakeFiles/cmTC_6623b.dir/CheckFunctionExists.c.o
/usr/bin/cc   -DCHECK_FUNCTION_EXISTS=pthread_create   -o CMakeFiles/cmTC_6623b.dir/CheckFunctionExists.c.o   -c /usr/share/cmake/Modules/CheckFunctionExists.c
Linking C executable cmTC_6623b
/usr/bin/cmake -E cmake_link_script CMakeFiles/cmTC_6623b.dir/link.txt --verbose=1
/usr/bin/cc  -DCHECK_FUNCTION_EXISTS=pthread_create    -rdynamic CMakeFiles/cmTC_6623b.dir/CheckFunctionExists.c.o  -o cmTC_6623b -lpthreads 
/usr/bin/ld: cannot find -lpthreads
collect2: error: ld returned 1 exit status
gmake[1]: *** [CMakeFiles/cmTC_6623b.dir/build.make:87: cmTC_6623b] Error 1
gmake[1]: Leaving directory '/home/david/Programming/wakaamaNode/b/CMakeFiles/CMakeTmp'
gmake: *** [Makefile:126: cmTC_6623b/fast] Error 2


